Arguments: 
  /usr/local/Cellar/node/14.7.0/bin/node /usr/local/Cellar/yarn/1.22.4/libexec/bin/yarn.js

PATH: 
  /usr/local/bin:/usr/bin:/bin:/usr/sbin:/sbin:/Library/Apple/usr/bin

Yarn version: 
  1.22.4

Node version: 
  14.7.0

Platform: 
  darwin x64

Trace: 
  Error: https://github.com/expo/react-native/archive/sdk-38.0.8.tar.gz: Request failed "404 Not Found"
      at ResponseError.ExtendableBuiltin (/usr/local/Cellar/yarn/1.22.4/libexec/lib/cli.js:696:66)
      at new ResponseError (/usr/local/Cellar/yarn/1.22.4/libexec/lib/cli.js:802:124)
      at Request.<anonymous> (/usr/local/Cellar/yarn/1.22.4/libexec/lib/cli.js:67057:16)
      at Request.emit (events.js:314:20)
      at Request.module.exports.Request.onRequestResponse (/usr/local/Cellar/yarn/1.22.4/libexec/lib/cli.js:141625:10)
      at ClientRequest.emit (events.js:314:20)
      at HTTPParser.parserOnIncomingClient (_http_client.js:640:27)
      at HTTPParser.parserOnHeadersComplete (_http_common.js:119:17)
      at HTTPParser.execute (<anonymous>)
      at TLSSocket.socketOnData (_http_client.js:509:22)

npm manifest: 
  {
    "main": "node_modules/expo/AppEntry.js",
    "scripts": {
      "start": "expo start",
      "android": "expo start --android",
      "ios": "expo start --ios",
      "web": "expo start --web",
      "eject": "expo eject"
    },
    "dependencies": {
      "@babel/runtime": "^7.10.5",
      "@react-native-community/masked-view": "0.1.10",
      "@react-navigation/drawer": "^5.8.4",
      "@react-navigation/native": "^5.7.3",
      "@react-navigation/stack": "^5.6.2",
      "audit": "^0.0.6",
      "axios": "^0.19.2",
      "expo": "~38.0.8",
      "expo-cli": "^3.25.0",
      "expo-image-picker": "~8.3.0",
      "expo-status-bar": "^1.0.2",
      "fix": "^0.0.6",
      "i18n-js": "^3.7.1",
      "native-base": "^2.13.12",
      "react": "~16.11.0",
      "react-dom": "~16.11.0",
      "react-native": "https://github.com/expo/react-native/archive/sdk-38.0.8.tar.gz",
      "react-native-app-intro-slider": "^4.0.4",
      "react-native-chart-kit": "^6.3.0",
      "react-native-dropdown-autocomplete-textinput": "^1.0.1",
      "react-native-echarts-wrapper": "^2.0.0",
      "react-native-gesture-handler": "~1.6.0",
      "react-native-maps": "^0.27.1",
      "react-native-material-dropdown": "https://github.com/noway/react-native-material-dropdown",
      "react-native-picker-select": "^8.0.0",
      "react-native-reanimated": "~1.9.0",
      "react-native-safe-area-context": "~3.0.7",
      "react-native-screens": "~2.9.0",
      "react-native-svg": "^12.1.0",
      "react-native-star-rating": "^1.1.0",
      "react-native-tab-view": "^2.14.4",
      "react-native-tiny-toast": "^1.0.7",
      "react-native-web": "~0.11.7",
      "react-redux": "^7.2.0",
      "reactotron-react-native": "^5.0.0",
      "reactotron-redux": "^3.1.3",
      "redux": "^4.0.5",
      "redux-persist": "^6.0.0",
      "redux-thunk": "^2.3.0"
    },
    "devDependencies": {
      "@babel/core": "^7.8.6",
      "babel-preset-expo": "~8.1.0"
    },
    "private": true
  }

yarn manifest: 
  No manifest

Lockfile: 
  No lockfile
